<?xml version="1.0" encoding="UTF-8"?>
<!-- Generated by org.testng.reporters.JUnitReportReporter -->
<testsuite hostname="DESKTOP-03J6VC3" name="br.com.sempreit.cenarios.Cenario3_Firefox" tests="1" failures="0" timestamp="14 Oct 2021 15:18:24 GMT" time="30.354" errors="0">
  <testcase name="executorCenario" time="30.354" classname="br.com.sempreit.cenarios.Cenario3_Firefox"/>
</testsuite> <!-- br.com.sempreit.cenarios.Cenario3_Firefox -->
