<?xml version="1.0" encoding="UTF-8"?>
<!-- Generated by org.testng.reporters.JUnitReportReporter -->
<testsuite hostname="DESKTOP-03J6VC3" name="br.com.sempreit.cenarios.Cenario5_Chrome" tests="1" failures="0" timestamp="14 Oct 2021 15:18:24 GMT" time="19.542" errors="0">
  <testcase name="executorCenario" time="19.542" classname="br.com.sempreit.cenarios.Cenario5_Chrome"/>
</testsuite> <!-- br.com.sempreit.cenarios.Cenario5_Chrome -->
